# JRE version: OpenJDK Runtime Environment (8.0_242-b01) (build 1.8.0_242-release-1644-b01)
# Java VM: OpenJDK 64-Bit Server VM (25.242-b01 mixed mode windows-amd64 compressed oops)
Heap:
 PSYoungGen      total 580096K, used 486798K [0x00000000d5580000, 0x00000000ff680000, 0x0000000100000000)
  eden space 481280K, 94% used [0x00000000d5580000,0x00000000f1376048,0x00000000f2b80000)
  from space 98816K, 30% used [0x00000000f9600000,0x00000000fb3aea20,0x00000000ff680000)
  to   space 103936K, 0% used [0x00000000f2b80000,0x00000000f2b80000,0x00000000f9100000)
 ParOldGen       total 347648K, used 185970K [0x0000000080000000, 0x0000000095380000, 0x00000000d5580000)
  object space 347648K, 53% used [0x0000000080000000,0x000000008b59ca48,0x0000000095380000)
 Metaspace       used 105020K, capacity 111282K, committed 111536K, reserved 1146880K
  class space    used 13600K, capacity 14741K, committed 14768K, reserved 1048576K
GC Heap History (10 events):
Event: 2982.551 GC heap before
{Heap before GC invocations=29 (full 5):
 PSYoungGen      total 425984K, used 379600K [0x00000000d5580000, 0x00000000fa900000, 0x0000000100000000)
  eden space 380416K, 99% used [0x00000000d5580000,0x00000000ec834238,0x00000000ec900000)
  from space 45568K, 0% used [0x00000000ec900000,0x00000000ec900000,0x00000000ef580000)
  to   space 82944K, 0% used [0x00000000f5800000,0x00000000f5800000,0x00000000fa900000)
 ParOldGen       total 347648K, used 166742K [0x0000000080000000, 0x0000000095380000, 0x00000000d5580000)
  object space 347648K, 47% used [0x0000000080000000,0x000000008a2d5bf8,0x0000000095380000)
 Metaspace       used 93616K, capacity 98264K, committed 98992K, reserved 1134592K
  class space    used 12116K, capacity 12977K, committed 13232K, reserved 1048576K
Event: 2982.711 GC heap after
Heap after GC invocations=29 (full 5):
 PSYoungGen      total 520192K, used 63493K [0x00000000d5580000, 0x00000000fb600000, 0x0000000100000000)
  eden space 437248K, 0% used [0x00000000d5580000,0x00000000d5580000,0x00000000f0080000)
  from space 82944K, 76% used [0x00000000f5800000,0x00000000f9601438,0x00000000fa900000)
  to   space 89600K, 0% used [0x00000000f0080000,0x00000000f0080000,0x00000000f5800000)
 ParOldGen       total 347648K, used 166750K [0x0000000080000000, 0x0000000095380000, 0x00000000d5580000)
  object space 347648K, 47% used [0x0000000080000000,0x000000008a2d7bf8,0x0000000095380000)
 Metaspace       used 93616K, capacity 98264K, committed 98992K, reserved 1134592K
  class space    used 12116K, capacity 12977K, committed 13232K, reserved 1048576K
}
Event: 3098.919 GC heap before
{Heap before GC invocations=30 (full 5):
 PSYoungGen      total 520192K, used 500741K [0x00000000d5580000, 0x00000000fb600000, 0x0000000100000000)
  eden space 437248K, 100% used [0x00000000d5580000,0x00000000f0080000,0x00000000f0080000)
  from space 82944K, 76% used [0x00000000f5800000,0x00000000f9601438,0x00000000fa900000)
  to   space 89600K, 0% used [0x00000000f0080000,0x00000000f0080000,0x00000000f5800000)
 ParOldGen       total 347648K, used 166750K [0x0000000080000000, 0x0000000095380000, 0x00000000d5580000)
  object space 347648K, 47% used [0x0000000080000000,0x000000008a2d7bf8,0x0000000095380000)
 Metaspace       used 93782K, capacity 98466K, committed 98992K, reserved 1134592K
  class space    used 12126K, capacity 12990K, committed 13232K, reserved 1048576K
Event: 3099.061 GC heap after
Heap after GC invocations=30 (full 5):
 PSYoungGen      total 526848K, used 18122K [0x00000000d5580000, 0x00000000fd780000, 0x0000000100000000)
  eden space 437248K, 0% used [0x00000000d5580000,0x00000000d5580000,0x00000000f0080000)
  from space 89600K, 20% used [0x00000000f0080000,0x00000000f1232a30,0x00000000f5800000)
  to   space 87040K, 0% used [0x00000000f8280000,0x00000000f8280000,0x00000000fd780000)
 ParOldGen       total 347648K, used 166758K [0x0000000080000000, 0x0000000095380000, 0x00000000d5580000)
  object space 347648K, 47% used [0x0000000080000000,0x000000008a2d9bf8,0x0000000095380000)
 Metaspace       used 93782K, capacity 98466K, committed 98992K, reserved 1134592K
  class space    used 12126K, capacity 12990K, committed 13232K, reserved 1048576K
}
Event: 3101.885 GC heap before
{Heap before GC invocations=31 (full 5):
 PSYoungGen      total 526848K, used 454622K [0x00000000d5580000, 0x00000000fd780000, 0x0000000100000000)
  eden space 437248K, 99% used [0x00000000d5580000,0x00000000effc4fa0,0x00000000f0080000)
  from space 89600K, 20% used [0x00000000f0080000,0x00000000f1232a30,0x00000000f5800000)
  to   space 87040K, 0% used [0x00000000f8280000,0x00000000f8280000,0x00000000fd780000)
 ParOldGen       total 347648K, used 166758K [0x0000000080000000, 0x0000000095380000, 0x00000000d5580000)
  object space 347648K, 47% used [0x0000000080000000,0x000000008a2d9bf8,0x0000000095380000)
 Metaspace       used 93964K, capacity 98618K, committed 99248K, reserved 1134592K
  class space    used 12126K, capacity 12990K, committed 13232K, reserved 1048576K
Event: 3102.043 GC heap after
Heap after GC invocations=31 (full 5):
 PSYoungGen      total 548352K, used 87012K [0x00000000d5580000, 0x0000000100000000, 0x0000000100000000)
  eden space 461312K, 0% used [0x00000000d5580000,0x00000000d5580000,0x00000000f1800000)
  from space 87040K, 99% used [0x00000000f8280000,0x00000000fd7790d8,0x00000000fd780000)
  to   space 109056K, 0% used [0x00000000f1800000,0x00000000f1800000,0x00000000f8280000)
 ParOldGen       total 347648K, used 185954K [0x0000000080000000, 0x0000000095380000, 0x00000000d5580000)
  object space 347648K, 53% used [0x0000000080000000,0x000000008b598a48,0x0000000095380000)
 Metaspace       used 93964K, capacity 98618K, committed 99248K, reserved 1134592K
  class space    used 12126K, capacity 12990K, committed 13232K, reserved 1048576K
}
Event: 3135.744 GC heap before
{Heap before GC invocations=32 (full 5):
 PSYoungGen      total 548352K, used 541590K [0x00000000d5580000, 0x0000000100000000, 0x0000000100000000)
  eden space 461312K, 98% used [0x00000000d5580000,0x00000000f116c7d8,0x00000000f1800000)
  from space 87040K, 99% used [0x00000000f8280000,0x00000000fd7790d8,0x00000000fd780000)
  to   space 109056K, 0% used [0x00000000f1800000,0x00000000f1800000,0x00000000f8280000)
 ParOldGen       total 347648K, used 185954K [0x0000000080000000, 0x0000000095380000, 0x00000000d5580000)
  object space 347648K, 53% used [0x0000000080000000,0x000000008b598a48,0x0000000095380000)
 Metaspace       used 94611K, capacity 99976K, committed 100016K, reserved 1136640K
  class space    used 12237K, capacity 13195K, committed 13232K, reserved 1048576K
Event: 3135.816 GC heap after
Heap after GC invocations=32 (full 5):
 PSYoungGen      total 570368K, used 57900K [0x00000000d5580000, 0x0000000100000000, 0x0000000100000000)
  eden space 461312K, 0% used [0x00000000d5580000,0x00000000d5580000,0x00000000f1800000)
  from space 109056K, 53% used [0x00000000f1800000,0x00000000f508b2a0,0x00000000f8280000)
  to   space 108544K, 0% used [0x00000000f9600000,0x00000000f9600000,0x0000000100000000)
 ParOldGen       total 347648K, used 185962K [0x0000000080000000, 0x0000000095380000, 0x00000000d5580000)
  object space 347648K, 53% used [0x0000000080000000,0x000000008b59aa48,0x0000000095380000)
 Metaspace       used 94611K, capacity 99976K, committed 100016K, reserved 1136640K
  class space    used 12237K, capacity 13195K, committed 13232K, reserved 1048576K
}
Event: 3665.036 GC heap before
{Heap before GC invocations=33 (full 5):
 PSYoungGen      total 570368K, used 519212K [0x00000000d5580000, 0x0000000100000000, 0x0000000100000000)
  eden space 461312K, 100% used [0x00000000d5580000,0x00000000f1800000,0x00000000f1800000)
  from space 109056K, 53% used [0x00000000f1800000,0x00000000f508b2a0,0x00000000f8280000)
  to   space 108544K, 0% used [0x00000000f9600000,0x00000000f9600000,0x0000000100000000)
 ParOldGen       total 347648K, used 185962K [0x0000000080000000, 0x0000000095380000, 0x00000000d5580000)
  object space 347648K, 53% used [0x0000000080000000,0x000000008b59aa48,0x0000000095380000)
 Metaspace       used 95977K, capacity 101922K, committed 102064K, reserved 1138688K
  class space    used 12445K, capacity 13459K, committed 13488K, reserved 1048576K
Event: 3665.153 GC heap after
Heap after GC invocations=33 (full 5):
 PSYoungGen      total 580096K, used 30394K [0x00000000d5580000, 0x00000000ff680000, 0x0000000100000000)
  eden space 481280K, 0% used [0x00000000d5580000,0x00000000d5580000,0x00000000f2b80000)
  from space 98816K, 30% used [0x00000000f9600000,0x00000000fb3aea20,0x00000000ff680000)
  to   space 103936K, 0% used [0x00000000f2b80000,0x00000000f2b80000,0x00000000f9100000)
 ParOldGen       total 347648K, used 185970K [0x0000000080000000, 0x0000000095380000, 0x00000000d5580000)
  object space 347648K, 53% used [0x0000000080000000,0x000000008b59ca48,0x0000000095380000)
 Metaspace       used 95977K, capacity 101922K, committed 102064K, reserved 1138688K
  class space    used 12445K, capacity 13459K, committed 13488K, reserved 1048576K
}

