# JRE version: OpenJDK Runtime Environment (8.0_242-b01) (build 1.8.0_242-release-1644-b01)
# Java VM: OpenJDK 64-Bit Server VM (25.242-b01 mixed mode windows-amd64 compressed oops)
Heap:
 PSYoungGen      total 393728K, used 59673K [0x00000000d5580000, 0x00000000f2480000, 0x0000000100000000)
  eden space 364032K, 8% used [0x00000000d5580000,0x00000000d72c83e8,0x00000000eb900000)
  from space 29696K, 99% used [0x00000000ee600000,0x00000000f02fe3d0,0x00000000f0300000)
  to   space 46080K, 0% used [0x00000000eb900000,0x00000000eb900000,0x00000000ee600000)
 ParOldGen       total 109568K, used 84181K [0x0000000080000000, 0x0000000086b00000, 0x00000000d5580000)
  object space 109568K, 76% used [0x0000000080000000,0x00000000852357a8,0x0000000086b00000)
 Metaspace       used 90694K, capacity 95468K, committed 95656K, reserved 1132544K
  class space    used 12091K, capacity 12957K, committed 12976K, reserved 1048576K
GC Heap History (10 events):
Event: 18.738 GC heap before
{Heap before GC invocations=15 (full 3):
 PSYoungGen      total 257536K, used 736K [0x00000000d5580000, 0x00000000e7500000, 0x0000000100000000)
  eden space 235008K, 0% used [0x00000000d5580000,0x00000000d5580000,0x00000000e3b00000)
  from space 22528K, 3% used [0x00000000e5100000,0x00000000e51b8000,0x00000000e6700000)
  to   space 22528K, 0% used [0x00000000e3b00000,0x00000000e3b00000,0x00000000e5100000)
 ParOldGen       total 74752K, used 42688K [0x0000000080000000, 0x0000000084900000, 0x00000000d5580000)
  object space 74752K, 57% used [0x0000000080000000,0x00000000829b00f8,0x0000000084900000)
 Metaspace       used 56936K, capacity 59090K, committed 59160K, reserved 1099776K
  class space    used 7817K, capacity 8300K, committed 8368K, reserved 1048576K
Event: 19.194 GC heap after
Heap after GC invocations=15 (full 3):
 PSYoungGen      total 257536K, used 0K [0x00000000d5580000, 0x00000000e7500000, 0x0000000100000000)
  eden space 235008K, 0% used [0x00000000d5580000,0x00000000d5580000,0x00000000e3b00000)
  from space 22528K, 0% used [0x00000000e5100000,0x00000000e5100000,0x00000000e6700000)
  to   space 22528K, 0% used [0x00000000e3b00000,0x00000000e3b00000,0x00000000e5100000)
 ParOldGen       total 109568K, used 31993K [0x0000000080000000, 0x0000000086b00000, 0x00000000d5580000)
  object space 109568K, 29% used [0x0000000080000000,0x0000000081f3e710,0x0000000086b00000)
 Metaspace       used 56900K, capacity 58964K, committed 59160K, reserved 1099776K
  class space    used 7806K, capacity 8279K, committed 8368K, reserved 1048576K
}
Event: 30.877 GC heap before
{Heap before GC invocations=16 (full 3):
 PSYoungGen      total 257536K, used 235008K [0x00000000d5580000, 0x00000000e7500000, 0x0000000100000000)
  eden space 235008K, 100% used [0x00000000d5580000,0x00000000e3b00000,0x00000000e3b00000)
  from space 22528K, 0% used [0x00000000e5100000,0x00000000e5100000,0x00000000e6700000)
  to   space 22528K, 0% used [0x00000000e3b00000,0x00000000e3b00000,0x00000000e5100000)
 ParOldGen       total 109568K, used 31993K [0x0000000080000000, 0x0000000086b00000, 0x00000000d5580000)
  object space 109568K, 29% used [0x0000000080000000,0x0000000081f3e710,0x0000000086b00000)
 Metaspace       used 65531K, capacity 68464K, committed 68648K, reserved 1107968K
  class space    used 8936K, capacity 9517K, committed 9520K, reserved 1048576K
Event: 31.031 GC heap after
Heap after GC invocations=16 (full 3):
 PSYoungGen      total 257536K, used 22520K [0x00000000d5580000, 0x00000000eb580000, 0x0000000100000000)
  eden space 235008K, 0% used [0x00000000d5580000,0x00000000d5580000,0x00000000e3b00000)
  from space 22528K, 99% used [0x00000000e3b00000,0x00000000e50fe320,0x00000000e5100000)
  to   space 26624K, 0% used [0x00000000e9b80000,0x00000000e9b80000,0x00000000eb580000)
 ParOldGen       total 109568K, used 32490K [0x0000000080000000, 0x0000000086b00000, 0x00000000d5580000)
  object space 109568K, 29% used [0x0000000080000000,0x0000000081fbab88,0x0000000086b00000)
 Metaspace       used 65531K, capacity 68464K, committed 68648K, reserved 1107968K
  class space    used 8936K, capacity 9517K, committed 9520K, reserved 1048576K
}
Event: 41.549 GC heap before
{Heap before GC invocations=17 (full 3):
 PSYoungGen      total 257536K, used 257528K [0x00000000d5580000, 0x00000000eb580000, 0x0000000100000000)
  eden space 235008K, 100% used [0x00000000d5580000,0x00000000e3b00000,0x00000000e3b00000)
  from space 22528K, 99% used [0x00000000e3b00000,0x00000000e50fe320,0x00000000e5100000)
  to   space 26624K, 0% used [0x00000000e9b80000,0x00000000e9b80000,0x00000000eb580000)
 ParOldGen       total 109568K, used 32490K [0x0000000080000000, 0x0000000086b00000, 0x00000000d5580000)
  object space 109568K, 29% used [0x0000000080000000,0x0000000081fbab88,0x0000000086b00000)
 Metaspace       used 70458K, capacity 73546K, committed 73640K, reserved 1112064K
  class space    used 9487K, capacity 10106K, committed 10160K, reserved 1048576K
Event: 41.701 GC heap after
Heap after GC invocations=17 (full 3):
 PSYoungGen      total 321536K, used 9745K [0x00000000d5580000, 0x00000000eae00000, 0x0000000100000000)
  eden space 302592K, 0% used [0x00000000d5580000,0x00000000d5580000,0x00000000e7d00000)
  from space 18944K, 51% used [0x00000000e9b80000,0x00000000ea5046b8,0x00000000eae00000)
  to   space 25088K, 0% used [0x00000000e7d00000,0x00000000e7d00000,0x00000000e9580000)
 ParOldGen       total 109568K, used 50660K [0x0000000080000000, 0x0000000086b00000, 0x00000000d5580000)
  object space 109568K, 46% used [0x0000000080000000,0x0000000083179100,0x0000000086b00000)
 Metaspace       used 70458K, capacity 73546K, committed 73640K, reserved 1112064K
  class space    used 9487K, capacity 10106K, committed 10160K, reserved 1048576K
}
Event: 55.517 GC heap before
{Heap before GC invocations=18 (full 3):
 PSYoungGen      total 321536K, used 312337K [0x00000000d5580000, 0x00000000eae00000, 0x0000000100000000)
  eden space 302592K, 100% used [0x00000000d5580000,0x00000000e7d00000,0x00000000e7d00000)
  from space 18944K, 51% used [0x00000000e9b80000,0x00000000ea5046b8,0x00000000eae00000)
  to   space 25088K, 0% used [0x00000000e7d00000,0x00000000e7d00000,0x00000000e9580000)
 ParOldGen       total 109568K, used 50660K [0x0000000080000000, 0x0000000086b00000, 0x00000000d5580000)
  object space 109568K, 46% used [0x0000000080000000,0x0000000083179100,0x0000000086b00000)
 Metaspace       used 80905K, capacity 84342K, committed 84648K, reserved 1122304K
  class space    used 10711K, capacity 11402K, committed 11440K, reserved 1048576K
Event: 55.614 GC heap after
Heap after GC invocations=18 (full 3):
 PSYoungGen      total 327680K, used 25082K [0x00000000d5580000, 0x00000000f0300000, 0x0000000100000000)
  eden space 302592K, 0% used [0x00000000d5580000,0x00000000d5580000,0x00000000e7d00000)
  from space 25088K, 99% used [0x00000000e7d00000,0x00000000e957e900,0x00000000e9580000)
  to   space 29696K, 0% used [0x00000000ee600000,0x00000000ee600000,0x00000000f0300000)
 ParOldGen       total 109568K, used 52595K [0x0000000080000000, 0x0000000086b00000, 0x00000000d5580000)
  object space 109568K, 48% used [0x0000000080000000,0x000000008335ce58,0x0000000086b00000)
 Metaspace       used 80905K, capacity 84342K, committed 84648K, reserved 1122304K
  class space    used 10711K, capacity 11402K, committed 11440K, reserved 1048576K
}
Event: 62.410 GC heap before
{Heap before GC invocations=19 (full 3):
 PSYoungGen      total 327680K, used 327467K [0x00000000d5580000, 0x00000000f0300000, 0x0000000100000000)
  eden space 302592K, 99% used [0x00000000d5580000,0x00000000e7ccc430,0x00000000e7d00000)
  from space 25088K, 99% used [0x00000000e7d00000,0x00000000e957e900,0x00000000e9580000)
  to   space 29696K, 0% used [0x00000000ee600000,0x00000000ee600000,0x00000000f0300000)
 ParOldGen       total 109568K, used 52595K [0x0000000080000000, 0x0000000086b00000, 0x00000000d5580000)
  object space 109568K, 48% used [0x0000000080000000,0x000000008335ce58,0x0000000086b00000)
 Metaspace       used 90062K, capacity 94740K, committed 94760K, reserved 1130496K
  class space    used 11972K, capacity 12841K, committed 12848K, reserved 1048576K
Event: 62.575 GC heap after
Heap after GC invocations=19 (full 3):
 PSYoungGen      total 393728K, used 29688K [0x00000000d5580000, 0x00000000f2480000, 0x0000000100000000)
  eden space 364032K, 0% used [0x00000000d5580000,0x00000000d5580000,0x00000000eb900000)
  from space 29696K, 99% used [0x00000000ee600000,0x00000000f02fe3d0,0x00000000f0300000)
  to   space 46080K, 0% used [0x00000000eb900000,0x00000000eb900000,0x00000000ee600000)
 ParOldGen       total 109568K, used 84181K [0x0000000080000000, 0x0000000086b00000, 0x00000000d5580000)
  object space 109568K, 76% used [0x0000000080000000,0x00000000852357a8,0x0000000086b00000)
 Metaspace       used 90062K, capacity 94740K, committed 94760K, reserved 1130496K
  class space    used 11972K, capacity 12841K, committed 12848K, reserved 1048576K
}

