# JRE version: OpenJDK Runtime Environment (8.0_242-b01) (build 1.8.0_242-release-1644-b01)
# Java VM: OpenJDK 64-Bit Server VM (25.242-b01 mixed mode windows-amd64 compressed oops)
Heap:
 PSYoungGen      total 498176K, used 291466K [0x00000000d5580000, 0x0000000100000000, 0x0000000100000000)
  eden space 398336K, 48% used [0x00000000d5580000,0x00000000e10a5d18,0x00000000eda80000)
  from space 99840K, 99% used [0x00000000eda80000,0x00000000f3bfcca0,0x00000000f3c00000)
  to   space 129024K, 0% used [0x00000000f8200000,0x00000000f8200000,0x0000000100000000)
 ParOldGen       total 310784K, used 228524K [0x0000000080000000, 0x0000000092f80000, 0x00000000d5580000)
  object space 310784K, 73% used [0x0000000080000000,0x000000008df2b0a0,0x0000000092f80000)
 Metaspace       used 96049K, capacity 101736K, committed 101936K, reserved 1136640K
  class space    used 12681K, capacity 13745K, committed 13872K, reserved 1048576K
GC Heap History (10 events):
Event: 17.961 GC heap before
{Heap before GC invocations=21 (full 4):
 PSYoungGen      total 375296K, used 372567K [0x00000000d5580000, 0x00000000f4100000, 0x0000000100000000)
  eden space 293376K, 100% used [0x00000000d5580000,0x00000000e7400000,0x00000000e7400000)
  from space 81920K, 96% used [0x00000000ed180000,0x00000000f1ed5fe8,0x00000000f2180000)
  to   space 95744K, 0% used [0x00000000e7400000,0x00000000e7400000,0x00000000ed180000)
 ParOldGen       total 310784K, used 173596K [0x0000000080000000, 0x0000000092f80000, 0x00000000d5580000)
  object space 310784K, 55% used [0x0000000080000000,0x000000008a987150,0x0000000092f80000)
 Metaspace       used 67061K, capacity 69728K, committed 70960K, reserved 1110016K
  class space    used 8953K, capacity 9537K, committed 9776K, reserved 1048576K
Event: 18.041 GC heap after
Heap after GC invocations=21 (full 4):
 PSYoungGen      total 389120K, used 91008K [0x00000000d5580000, 0x00000000f8a80000, 0x0000000100000000)
  eden space 293376K, 0% used [0x00000000d5580000,0x00000000d5580000,0x00000000e7400000)
  from space 95744K, 95% used [0x00000000e7400000,0x00000000ecce0140,0x00000000ed180000)
  to   space 111616K, 0% used [0x00000000f1d80000,0x00000000f1d80000,0x00000000f8a80000)
 ParOldGen       total 310784K, used 199204K [0x0000000080000000, 0x0000000092f80000, 0x00000000d5580000)
  object space 310784K, 64% used [0x0000000080000000,0x000000008c289170,0x0000000092f80000)
 Metaspace       used 67061K, capacity 69728K, committed 70960K, reserved 1110016K
  class space    used 8953K, capacity 9537K, committed 9776K, reserved 1048576K
}
Event: 19.460 GC heap before
{Heap before GC invocations=22 (full 4):
 PSYoungGen      total 389120K, used 384384K [0x00000000d5580000, 0x00000000f8a80000, 0x0000000100000000)
  eden space 293376K, 100% used [0x00000000d5580000,0x00000000e7400000,0x00000000e7400000)
  from space 95744K, 95% used [0x00000000e7400000,0x00000000ecce0140,0x00000000ed180000)
  to   space 111616K, 0% used [0x00000000f1d80000,0x00000000f1d80000,0x00000000f8a80000)
 ParOldGen       total 310784K, used 199208K [0x0000000080000000, 0x0000000092f80000, 0x00000000d5580000)
  object space 310784K, 64% used [0x0000000080000000,0x000000008c28a228,0x0000000092f80000)
 Metaspace       used 67124K, capacity 69856K, committed 71216K, reserved 1110016K
  class space    used 8954K, capacity 9537K, committed 9776K, reserved 1048576K
Event: 19.465 GC heap after
Heap after GC invocations=22 (full 4):
 PSYoungGen      total 449536K, used 480K [0x00000000d5580000, 0x00000000f8080000, 0x0000000100000000)
  eden space 348160K, 0% used [0x00000000d5580000,0x00000000d5580000,0x00000000ea980000)
  from space 101376K, 0% used [0x00000000f1d80000,0x00000000f1df8000,0x00000000f8080000)
  to   space 110080K, 0% used [0x00000000ea980000,0x00000000ea980000,0x00000000f1500000)
 ParOldGen       total 310784K, used 200336K [0x0000000080000000, 0x0000000092f80000, 0x00000000d5580000)
  object space 310784K, 64% used [0x0000000080000000,0x000000008c3a4358,0x0000000092f80000)
 Metaspace       used 67124K, capacity 69856K, committed 71216K, reserved 1110016K
  class space    used 8954K, capacity 9537K, committed 9776K, reserved 1048576K
}
Event: 25.497 GC heap before
{Heap before GC invocations=23 (full 4):
 PSYoungGen      total 449536K, used 348640K [0x00000000d5580000, 0x00000000f8080000, 0x0000000100000000)
  eden space 348160K, 100% used [0x00000000d5580000,0x00000000ea980000,0x00000000ea980000)
  from space 101376K, 0% used [0x00000000f1d80000,0x00000000f1df8000,0x00000000f8080000)
  to   space 110080K, 0% used [0x00000000ea980000,0x00000000ea980000,0x00000000f1500000)
 ParOldGen       total 310784K, used 200336K [0x0000000080000000, 0x0000000092f80000, 0x00000000d5580000)
  object space 310784K, 64% used [0x0000000080000000,0x000000008c3a4358,0x0000000092f80000)
 Metaspace       used 72738K, capacity 75718K, committed 76464K, reserved 1116160K
  class space    used 9624K, capacity 10266K, committed 10416K, reserved 1048576K
Event: 25.506 GC heap after
Heap after GC invocations=23 (full 4):
 PSYoungGen      total 458240K, used 11155K [0x00000000d5580000, 0x00000000faf80000, 0x0000000100000000)
  eden space 348160K, 0% used [0x00000000d5580000,0x00000000d5580000,0x00000000ea980000)
  from space 110080K, 10% used [0x00000000ea980000,0x00000000eb464ef8,0x00000000f1500000)
  to   space 106496K, 0% used [0x00000000f4780000,0x00000000f4780000,0x00000000faf80000)
 ParOldGen       total 310784K, used 200344K [0x0000000080000000, 0x0000000092f80000, 0x00000000d5580000)
  object space 310784K, 64% used [0x0000000080000000,0x000000008c3a6358,0x0000000092f80000)
 Metaspace       used 72738K, capacity 75718K, committed 76464K, reserved 1116160K
  class space    used 9624K, capacity 10266K, committed 10416K, reserved 1048576K
}
Event: 29.221 GC heap before
{Heap before GC invocations=24 (full 4):
 PSYoungGen      total 458240K, used 359315K [0x00000000d5580000, 0x00000000faf80000, 0x0000000100000000)
  eden space 348160K, 100% used [0x00000000d5580000,0x00000000ea980000,0x00000000ea980000)
  from space 110080K, 10% used [0x00000000ea980000,0x00000000eb464ef8,0x00000000f1500000)
  to   space 106496K, 0% used [0x00000000f4780000,0x00000000f4780000,0x00000000faf80000)
 ParOldGen       total 310784K, used 200344K [0x0000000080000000, 0x0000000092f80000, 0x00000000d5580000)
  object space 310784K, 64% used [0x0000000080000000,0x000000008c3a6358,0x0000000092f80000)
 Metaspace       used 87661K, capacity 92760K, committed 92848K, reserved 1130496K
  class space    used 11694K, capacity 12661K, committed 12720K, reserved 1048576K
Event: 29.256 GC heap after
Heap after GC invocations=24 (full 4):
 PSYoungGen      total 486400K, used 26990K [0x00000000d5580000, 0x00000000f9d80000, 0x0000000100000000)
  eden space 398336K, 0% used [0x00000000d5580000,0x00000000d5580000,0x00000000eda80000)
  from space 88064K, 30% used [0x00000000f4780000,0x00000000f61dbbe0,0x00000000f9d80000)
  to   space 99840K, 0% used [0x00000000eda80000,0x00000000eda80000,0x00000000f3c00000)
 ParOldGen       total 310784K, used 200360K [0x0000000080000000, 0x0000000092f80000, 0x00000000d5580000)
  object space 310784K, 64% used [0x0000000080000000,0x000000008c3aa358,0x0000000092f80000)
 Metaspace       used 87661K, capacity 92760K, committed 92848K, reserved 1130496K
  class space    used 11694K, capacity 12661K, committed 12720K, reserved 1048576K
}
Event: 32.294 GC heap before
{Heap before GC invocations=25 (full 4):
 PSYoungGen      total 486400K, used 425326K [0x00000000d5580000, 0x00000000f9d80000, 0x0000000100000000)
  eden space 398336K, 100% used [0x00000000d5580000,0x00000000eda80000,0x00000000eda80000)
  from space 88064K, 30% used [0x00000000f4780000,0x00000000f61dbbe0,0x00000000f9d80000)
  to   space 99840K, 0% used [0x00000000eda80000,0x00000000eda80000,0x00000000f3c00000)
 ParOldGen       total 310784K, used 200360K [0x0000000080000000, 0x0000000092f80000, 0x00000000d5580000)
  object space 310784K, 64% used [0x0000000080000000,0x000000008c3aa358,0x0000000092f80000)
 Metaspace       used 89248K, capacity 94552K, committed 94896K, reserved 1130496K
  class space    used 11908K, capacity 12883K, committed 12976K, reserved 1048576K
Event: 32.474 GC heap after
Heap after GC invocations=25 (full 4):
 PSYoungGen      total 498176K, used 99827K [0x00000000d5580000, 0x0000000100000000, 0x0000000100000000)
  eden space 398336K, 0% used [0x00000000d5580000,0x00000000d5580000,0x00000000eda80000)
  from space 99840K, 99% used [0x00000000eda80000,0x00000000f3bfcca0,0x00000000f3c00000)
  to   space 129024K, 0% used [0x00000000f8200000,0x00000000f8200000,0x0000000100000000)
 ParOldGen       total 310784K, used 228524K [0x0000000080000000, 0x0000000092f80000, 0x00000000d5580000)
  object space 310784K, 73% used [0x0000000080000000,0x000000008df2b0a0,0x0000000092f80000)
 Metaspace       used 89248K, capacity 94552K, committed 94896K, reserved 1130496K
  class space    used 11908K, capacity 12883K, committed 12976K, reserved 1048576K
}

