Heap:
 PSYoungGen      total 610304K, used 328902K [0x00000000d5580000, 0x00000000ff480000, 0x0000000100000000)
  eden space 547840K, 54% used [0x00000000d5580000,0x00000000e78cb1a8,0x00000000f6c80000)
  from space 62464K, 49% used [0x00000000fb780000,0x00000000fd566980,0x00000000ff480000)
  to   space 69632K, 0% used [0x00000000f6c80000,0x00000000f6c80000,0x00000000fb080000)
 ParOldGen       total 235520K, used 78314K [0x0000000080000000, 0x000000008e600000, 0x00000000d5580000)
  object space 235520K, 33% used [0x0000000080000000,0x0000000084c7aaf8,0x000000008e600000)
 Metaspace       used 111144K, capacity 116644K, committed 116912K, reserved 1150976K
  class space    used 14354K, capacity 15470K, committed 15536K, reserved 1048576K
GC Heap History (10 events):
Event: 55.547 GC heap before
{Heap before GC invocations=16 (full 4):
 PSYoungGen      total 586752K, used 55804K [0x00000000d5580000, 0x0000000100000000, 0x0000000100000000)
  eden space 530944K, 0% used [0x00000000d5580000,0x00000000d5580000,0x00000000f5c00000)
  from space 55808K, 99% used [0x00000000fbe80000,0x00000000ff4ff2a8,0x00000000ff500000)
  to   space 83968K, 0% used [0x00000000f5c00000,0x00000000f5c00000,0x00000000fae00000)
 ParOldGen       total 141312K, used 139006K [0x0000000080000000, 0x0000000088a00000, 0x00000000d5580000)
  object space 141312K, 98% used [0x0000000080000000,0x00000000887bfbd0,0x0000000088a00000)
 Metaspace       used 91654K, capacity 96966K, committed 97072K, reserved 1132544K
  class space    used 12516K, capacity 13514K, committed 13616K, reserved 1048576K
Event: 56.827 GC heap after
Heap after GC invocations=16 (full 4):
 PSYoungGen      total 586752K, used 0K [0x00000000d5580000, 0x0000000100000000, 0x0000000100000000)
  eden space 530944K, 0% used [0x00000000d5580000,0x00000000d5580000,0x00000000f5c00000)
  from space 55808K, 0% used [0x00000000fbe80000,0x00000000fbe80000,0x00000000ff500000)
  to   space 83968K, 0% used [0x00000000f5c00000,0x00000000f5c00000,0x00000000fae00000)
 ParOldGen       total 235520K, used 78290K [0x0000000080000000, 0x000000008e600000, 0x00000000d5580000)
  object space 235520K, 33% used [0x0000000080000000,0x0000000084c74af8,0x000000008e600000)
 Metaspace       used 90913K, capacity 94878K, committed 97072K, reserved 1132544K
  class space    used 12268K, capacity 13076K, committed 13616K, reserved 1048576K
}
Event: 2258.467 GC heap before
{Heap before GC invocations=17 (full 4):
 PSYoungGen      total 586752K, used 530944K [0x00000000d5580000, 0x0000000100000000, 0x0000000100000000)
  eden space 530944K, 100% used [0x00000000d5580000,0x00000000f5c00000,0x00000000f5c00000)
  from space 55808K, 0% used [0x00000000fbe80000,0x00000000fbe80000,0x00000000ff500000)
  to   space 83968K, 0% used [0x00000000f5c00000,0x00000000f5c00000,0x00000000fae00000)
 ParOldGen       total 235520K, used 78290K [0x0000000080000000, 0x000000008e600000, 0x00000000d5580000)
  object space 235520K, 33% used [0x0000000080000000,0x0000000084c74af8,0x000000008e600000)
 Metaspace       used 106713K, capacity 111716K, committed 112432K, reserved 1146880K
  class space    used 13929K, capacity 14936K, committed 15152K, reserved 1048576K
Event: 2258.675 GC heap after
Heap after GC invocations=17 (full 4):
 PSYoungGen      total 614912K, used 37765K [0x00000000d5580000, 0x0000000100000000, 0x0000000100000000)
  eden space 530944K, 0% used [0x00000000d5580000,0x00000000d5580000,0x00000000f5c00000)
  from space 83968K, 44% used [0x00000000f5c00000,0x00000000f80e1650,0x00000000fae00000)
  to   space 81408K, 0% used [0x00000000fb080000,0x00000000fb080000,0x0000000100000000)
 ParOldGen       total 235520K, used 78298K [0x0000000080000000, 0x000000008e600000, 0x00000000d5580000)
  object space 235520K, 33% used [0x0000000080000000,0x0000000084c76af8,0x000000008e600000)
 Metaspace       used 106713K, capacity 111716K, committed 112432K, reserved 1146880K
  class space    used 13929K, capacity 14936K, committed 15152K, reserved 1048576K
}
Event: 2260.266 GC heap before
{Heap before GC invocations=18 (full 4):
 PSYoungGen      total 614912K, used 568709K [0x00000000d5580000, 0x0000000100000000, 0x0000000100000000)
  eden space 530944K, 100% used [0x00000000d5580000,0x00000000f5c00000,0x00000000f5c00000)
  from space 83968K, 44% used [0x00000000f5c00000,0x00000000f80e1650,0x00000000fae00000)
  to   space 81408K, 0% used [0x00000000fb080000,0x00000000fb080000,0x0000000100000000)
 ParOldGen       total 235520K, used 78298K [0x0000000080000000, 0x000000008e600000, 0x00000000d5580000)
  object space 235520K, 33% used [0x0000000080000000,0x0000000084c76af8,0x000000008e600000)
 Metaspace       used 107251K, capacity 112382K, committed 113072K, reserved 1146880K
  class space    used 13969K, capacity 14979K, committed 15280K, reserved 1048576K
Event: 2260.320 GC heap after
Heap after GC invocations=18 (full 4):
 PSYoungGen      total 604160K, used 32046K [0x00000000d5580000, 0x00000000ff580000, 0x0000000100000000)
  eden space 533504K, 0% used [0x00000000d5580000,0x00000000d5580000,0x00000000f5e80000)
  from space 70656K, 45% used [0x00000000fb080000,0x00000000fcfcb830,0x00000000ff580000)
  to   space 77312K, 0% used [0x00000000f5e80000,0x00000000f5e80000,0x00000000faa00000)
 ParOldGen       total 235520K, used 78306K [0x0000000080000000, 0x000000008e600000, 0x00000000d5580000)
  object space 235520K, 33% used [0x0000000080000000,0x0000000084c78af8,0x000000008e600000)
 Metaspace       used 107251K, capacity 112382K, committed 113072K, reserved 1146880K
  class space    used 13969K, capacity 14979K, committed 15280K, reserved 1048576K
}
Event: 2260.907 GC heap before
{Heap before GC invocations=19 (full 4):
 PSYoungGen      total 604160K, used 565550K [0x00000000d5580000, 0x00000000ff580000, 0x0000000100000000)
  eden space 533504K, 100% used [0x00000000d5580000,0x00000000f5e80000,0x00000000f5e80000)
  from space 70656K, 45% used [0x00000000fb080000,0x00000000fcfcb830,0x00000000ff580000)
  to   space 77312K, 0% used [0x00000000f5e80000,0x00000000f5e80000,0x00000000faa00000)
 ParOldGen       total 235520K, used 78306K [0x0000000080000000, 0x000000008e600000, 0x00000000d5580000)
  object space 235520K, 33% used [0x0000000080000000,0x0000000084c78af8,0x000000008e600000)
 Metaspace       used 107701K, capacity 112836K, committed 113328K, reserved 1146880K
  class space    used 14011K, capacity 15044K, committed 15280K, reserved 1048576K
Event: 2260.934 GC heap after
Heap after GC invocations=19 (full 4):
 PSYoungGen      total 610816K, used 34020K [0x00000000d5580000, 0x00000000fff80000, 0x0000000100000000)
  eden space 533504K, 0% used [0x00000000d5580000,0x00000000d5580000,0x00000000f5e80000)
  from space 77312K, 44% used [0x00000000f5e80000,0x00000000f7fb91c0,0x00000000faa00000)
  to   space 73728K, 0% used [0x00000000fb780000,0x00000000fb780000,0x00000000fff80000)
 ParOldGen       total 235520K, used 78306K [0x0000000080000000, 0x000000008e600000, 0x00000000d5580000)
  object space 235520K, 33% used [0x0000000080000000,0x0000000084c78af8,0x000000008e600000)
 Metaspace       used 107701K, capacity 112836K, committed 113328K, reserved 1146880K
  class space    used 14011K, capacity 15044K, committed 15280K, reserved 1048576K
}
Event: 2964.683 GC heap before
{Heap before GC invocations=20 (full 4):
 PSYoungGen      total 610816K, used 567524K [0x00000000d5580000, 0x00000000fff80000, 0x0000000100000000)
  eden space 533504K, 100% used [0x00000000d5580000,0x00000000f5e80000,0x00000000f5e80000)
  from space 77312K, 44% used [0x00000000f5e80000,0x00000000f7fb91c0,0x00000000faa00000)
  to   space 73728K, 0% used [0x00000000fb780000,0x00000000fb780000,0x00000000fff80000)
 ParOldGen       total 235520K, used 78306K [0x0000000080000000, 0x000000008e600000, 0x00000000d5580000)
  object space 235520K, 33% used [0x0000000080000000,0x0000000084c78af8,0x000000008e600000)
 Metaspace       used 108588K, capacity 114046K, committed 114352K, reserved 1148928K
  class space    used 14091K, capacity 15203K, committed 15280K, reserved 1048576K
Event: 2964.716 GC heap after
Heap after GC invocations=20 (full 4):
 PSYoungGen      total 610304K, used 30618K [0x00000000d5580000, 0x00000000ff480000, 0x0000000100000000)
  eden space 547840K, 0% used [0x00000000d5580000,0x00000000d5580000,0x00000000f6c80000)
  from space 62464K, 49% used [0x00000000fb780000,0x00000000fd566980,0x00000000ff480000)
  to   space 69632K, 0% used [0x00000000f6c80000,0x00000000f6c80000,0x00000000fb080000)
 ParOldGen       total 235520K, used 78314K [0x0000000080000000, 0x000000008e600000, 0x00000000d5580000)
  object space 235520K, 33% used [0x0000000080000000,0x0000000084c7aaf8,0x000000008e600000)
 Metaspace       used 108588K, capacity 114046K, committed 114352K, reserved 1148928K
  class space    used 14091K, capacity 15203K, committed 15280K, reserved 1048576K
}

