# JRE version: OpenJDK Runtime Environment (8.0_242-b01) (build 1.8.0_242-release-1644-b01)
# Java VM: OpenJDK 64-Bit Server VM (25.242-b01 mixed mode windows-amd64 compressed oops)
Heap:
 PSYoungGen      total 532992K, used 532601K [0x00000000d5580000, 0x0000000100000000, 0x0000000100000000)
  eden space 428544K, 99% used [0x00000000d5580000,0x00000000ef7a6368,0x00000000ef800000)
  from space 104448K, 99% used [0x00000000f7680000,0x00000000fdc780a0,0x00000000fdc80000)
  to   space 129536K, 10% used [0x00000000ef800000,0x00000000f05e8658,0x00000000f7680000)
 ParOldGen       total 336384K, used 180098K [0x0000000080000000, 0x0000000094880000, 0x00000000d5580000)
  object space 336384K, 53% used [0x0000000080000000,0x000000008afe0a48,0x0000000094880000)
 Metaspace       used 101322K, capacity 106158K, committed 106416K, reserved 1142784K
  class space    used 13038K, capacity 13914K, committed 14000K, reserved 1048576K
GC Heap History (10 events):
Event: 70.584 GC heap after
Heap after GC invocations=23 (full 4):
 PSYoungGen      total 441344K, used 75242K [0x00000000d5580000, 0x00000000fec80000, 0x0000000100000000)
  eden space 366080K, 0% used [0x00000000d5580000,0x00000000d5580000,0x00000000ebb00000)
  from space 75264K, 99% used [0x00000000ebb00000,0x00000000f047aae0,0x00000000f0480000)
  to   space 113152K, 0% used [0x00000000f7e00000,0x00000000f7e00000,0x00000000fec80000)
 ParOldGen       total 221184K, used 206136K [0x0000000080000000, 0x000000008d800000, 0x00000000d5580000)
  object space 221184K, 93% used [0x0000000080000000,0x000000008c94e2c8,0x000000008d800000)
 Metaspace       used 89517K, capacity 93522K, committed 94768K, reserved 1130496K
  class space    used 11754K, capacity 12536K, committed 12848K, reserved 1048576K
}
Event: 70.586 GC heap before
{Heap before GC invocations=24 (full 5):
 PSYoungGen      total 441344K, used 75242K [0x00000000d5580000, 0x00000000fec80000, 0x0000000100000000)
  eden space 366080K, 0% used [0x00000000d5580000,0x00000000d5580000,0x00000000ebb00000)
  from space 75264K, 99% used [0x00000000ebb00000,0x00000000f047aae0,0x00000000f0480000)
  to   space 113152K, 0% used [0x00000000f7e00000,0x00000000f7e00000,0x00000000fec80000)
 ParOldGen       total 221184K, used 206136K [0x0000000080000000, 0x000000008d800000, 0x00000000d5580000)
  object space 221184K, 93% used [0x0000000080000000,0x000000008c94e2c8,0x000000008d800000)
 Metaspace       used 89517K, capacity 93522K, committed 94768K, reserved 1130496K
  class space    used 11754K, capacity 12536K, committed 12848K, reserved 1048576K
Event: 73.637 GC heap after
Heap after GC invocations=24 (full 5):
 PSYoungGen      total 441344K, used 0K [0x00000000d5580000, 0x00000000fec80000, 0x0000000100000000)
  eden space 366080K, 0% used [0x00000000d5580000,0x00000000d5580000,0x00000000ebb00000)
  from space 75264K, 0% used [0x00000000ebb00000,0x00000000ebb00000,0x00000000f0480000)
  to   space 113152K, 0% used [0x00000000f7e00000,0x00000000f7e00000,0x00000000fec80000)
 ParOldGen       total 336384K, used 159241K [0x0000000080000000, 0x0000000094880000, 0x00000000d5580000)
  object space 336384K, 47% used [0x0000000080000000,0x0000000089b827c8,0x0000000094880000)
 Metaspace       used 89516K, capacity 93520K, committed 94768K, reserved 1130496K
  class space    used 11753K, capacity 12535K, committed 12848K, reserved 1048576K
}
Event: 224.430 GC heap before
{Heap before GC invocations=25 (full 5):
 PSYoungGen      total 441344K, used 366080K [0x00000000d5580000, 0x00000000fec80000, 0x0000000100000000)
  eden space 366080K, 100% used [0x00000000d5580000,0x00000000ebb00000,0x00000000ebb00000)
  from space 75264K, 0% used [0x00000000ebb00000,0x00000000ebb00000,0x00000000f0480000)
  to   space 113152K, 0% used [0x00000000f7e00000,0x00000000f7e00000,0x00000000fec80000)
 ParOldGen       total 336384K, used 159241K [0x0000000080000000, 0x0000000094880000, 0x00000000d5580000)
  object space 336384K, 47% used [0x0000000080000000,0x0000000089b827c8,0x0000000094880000)
 Metaspace       used 96422K, capacity 100778K, committed 101040K, reserved 1136640K
  class space    used 12512K, capacity 13364K, committed 13488K, reserved 1048576K
Event: 224.570 GC heap after
Heap after GC invocations=25 (full 5):
 PSYoungGen      total 473600K, used 26636K [0x00000000d5580000, 0x00000000fba80000, 0x0000000100000000)
  eden space 411648K, 0% used [0x00000000d5580000,0x00000000d5580000,0x00000000ee780000)
  from space 61952K, 42% used [0x00000000f7e00000,0x00000000f9803260,0x00000000fba80000)
  to   space 108032K, 0% used [0x00000000ee780000,0x00000000ee780000,0x00000000f5100000)
 ParOldGen       total 336384K, used 159249K [0x0000000080000000, 0x0000000094880000, 0x00000000d5580000)
  object space 336384K, 47% used [0x0000000080000000,0x0000000089b847c8,0x0000000094880000)
 Metaspace       used 96422K, capacity 100778K, committed 101040K, reserved 1136640K
  class space    used 12512K, capacity 13364K, committed 13488K, reserved 1048576K
}
Event: 529.555 GC heap before
{Heap before GC invocations=26 (full 5):
 PSYoungGen      total 473600K, used 438284K [0x00000000d5580000, 0x00000000fba80000, 0x0000000100000000)
  eden space 411648K, 100% used [0x00000000d5580000,0x00000000ee780000,0x00000000ee780000)
  from space 61952K, 42% used [0x00000000f7e00000,0x00000000f9803260,0x00000000fba80000)
  to   space 108032K, 0% used [0x00000000ee780000,0x00000000ee780000,0x00000000f5100000)
 ParOldGen       total 336384K, used 159249K [0x0000000080000000, 0x0000000094880000, 0x00000000d5580000)
  object space 336384K, 47% used [0x0000000080000000,0x0000000089b847c8,0x0000000094880000)
 Metaspace       used 96984K, capacity 101490K, committed 101552K, reserved 1136640K
  class space    used 12561K, capacity 13436K, committed 13488K, reserved 1048576K
Event: 529.732 GC heap after
Heap after GC invocations=26 (full 5):
 PSYoungGen      total 519680K, used 14344K [0x00000000d5580000, 0x00000000fdc80000, 0x0000000100000000)
  eden space 411648K, 0% used [0x00000000d5580000,0x00000000d5580000,0x00000000ee780000)
  from space 108032K, 13% used [0x00000000ee780000,0x00000000ef582090,0x00000000f5100000)
  to   space 104448K, 0% used [0x00000000f7680000,0x00000000f7680000,0x00000000fdc80000)
 ParOldGen       total 336384K, used 159257K [0x0000000080000000, 0x0000000094880000, 0x00000000d5580000)
  object space 336384K, 47% used [0x0000000080000000,0x0000000089b867c8,0x0000000094880000)
 Metaspace       used 96984K, capacity 101490K, committed 101552K, reserved 1136640K
  class space    used 12561K, capacity 13436K, committed 13488K, reserved 1048576K
}
Event: 533.658 GC heap before
{Heap before GC invocations=27 (full 5):
 PSYoungGen      total 519680K, used 425992K [0x00000000d5580000, 0x00000000fdc80000, 0x0000000100000000)
  eden space 411648K, 100% used [0x00000000d5580000,0x00000000ee780000,0x00000000ee780000)
  from space 108032K, 13% used [0x00000000ee780000,0x00000000ef582090,0x00000000f5100000)
  to   space 104448K, 0% used [0x00000000f7680000,0x00000000f7680000,0x00000000fdc80000)
 ParOldGen       total 336384K, used 159257K [0x0000000080000000, 0x0000000094880000, 0x00000000d5580000)
  object space 336384K, 47% used [0x0000000080000000,0x0000000089b867c8,0x0000000094880000)
 Metaspace       used 97354K, capacity 102076K, committed 102320K, reserved 1138688K
  class space    used 12593K, capacity 13465K, committed 13488K, reserved 1048576K
Event: 533.901 GC heap after
Heap after GC invocations=27 (full 5):
 PSYoungGen      total 532992K, used 104416K [0x00000000d5580000, 0x0000000100000000, 0x0000000100000000)
  eden space 428544K, 0% used [0x00000000d5580000,0x00000000d5580000,0x00000000ef800000)
  from space 104448K, 99% used [0x00000000f7680000,0x00000000fdc780a0,0x00000000fdc80000)
  to   space 129536K, 0% used [0x00000000ef800000,0x00000000ef800000,0x00000000f7680000)
 ParOldGen       total 336384K, used 175650K [0x0000000080000000, 0x0000000094880000, 0x00000000d5580000)
  object space 336384K, 52% used [0x0000000080000000,0x000000008ab88b20,0x0000000094880000)
 Metaspace       used 97354K, capacity 102076K, committed 102320K, reserved 1138688K
  class space    used 12593K, capacity 13465K, committed 13488K, reserved 1048576K
}
Event: 7168.589 GC heap before
{Heap before GC invocations=28 (full 5):
 PSYoungGen      total 532992K, used 532601K [0x00000000d5580000, 0x0000000100000000, 0x0000000100000000)
  eden space 428544K, 99% used [0x00000000d5580000,0x00000000ef7a6368,0x00000000ef800000)
  from space 104448K, 99% used [0x00000000f7680000,0x00000000fdc780a0,0x00000000fdc80000)
  to   space 129536K, 0% used [0x00000000ef800000,0x00000000ef800000,0x00000000f7680000)
 ParOldGen       total 336384K, used 175650K [0x0000000080000000, 0x0000000094880000, 0x00000000d5580000)
  object space 336384K, 52% used [0x0000000080000000,0x000000008ab88b20,0x0000000094880000)
 Metaspace       used 101322K, capacity 106158K, committed 106416K, reserved 1142784K
  class space    used 13038K, capacity 13914K, committed 14000K, reserved 1048576K

