# JRE version: OpenJDK Runtime Environment (8.0_242-b01) (build 1.8.0_242-release-1644-b01)
# Java VM: OpenJDK 64-Bit Server VM (25.242-b01 mixed mode windows-amd64 compressed oops)
Heap:
 PSYoungGen      total 595456K, used 221626K [0x00000000d5580000, 0x00000000ff980000, 0x0000000100000000)
  eden space 503296K, 42% used [0x00000000d5580000,0x00000000e2708630,0x00000000f4100000)
  from space 92160K, 7% used [0x00000000f4100000,0x00000000f47e6488,0x00000000f9b00000)
  to   space 89088K, 0% used [0x00000000fa280000,0x00000000fa280000,0x00000000ff980000)
 ParOldGen       total 292352K, used 201906K [0x0000000080000000, 0x0000000091d80000, 0x00000000d5580000)
  object space 292352K, 69% used [0x0000000080000000,0x000000008c52cbb8,0x0000000091d80000)
 Metaspace       used 90566K, capacity 94654K, committed 95408K, reserved 1132544K
  class space    used 11794K, capacity 12550K, committed 12720K, reserved 1048576K
GC Heap History (10 events):
Event: 59.983 GC heap before
{Heap before GC invocations=32 (full 5):
 PSYoungGen      total 584192K, used 498619K [0x00000000d5580000, 0x00000000ff500000, 0x0000000100000000)
  eden space 479232K, 100% used [0x00000000d5580000,0x00000000f2980000,0x00000000f2980000)
  from space 104960K, 18% used [0x00000000f8e80000,0x00000000fa16eef8,0x00000000ff500000)
  to   space 103424K, 0% used [0x00000000f2980000,0x00000000f2980000,0x00000000f8e80000)
 ParOldGen       total 292352K, used 151629K [0x0000000080000000, 0x0000000091d80000, 0x00000000d5580000)
  object space 292352K, 51% used [0x0000000080000000,0x00000000894137b8,0x0000000091d80000)
 Metaspace       used 90174K, capacity 94336K, committed 95152K, reserved 1132544K
  class space    used 11752K, capacity 12513K, committed 12720K, reserved 1048576K
Event: 60.070 GC heap after
Heap after GC invocations=32 (full 5):
 PSYoungGen      total 582656K, used 5854K [0x00000000d5580000, 0x00000000ffb80000, 0x0000000100000000)
  eden space 479232K, 0% used [0x00000000d5580000,0x00000000d5580000,0x00000000f2980000)
  from space 103424K, 5% used [0x00000000f2980000,0x00000000f2f37bd0,0x00000000f8e80000)
  to   space 101888K, 0% used [0x00000000f9800000,0x00000000f9800000,0x00000000ffb80000)
 ParOldGen       total 292352K, used 169963K [0x0000000080000000, 0x0000000091d80000, 0x00000000d5580000)
  object space 292352K, 58% used [0x0000000080000000,0x000000008a5fad08,0x0000000091d80000)
 Metaspace       used 90174K, capacity 94336K, committed 95152K, reserved 1132544K
  class space    used 11752K, capacity 12513K, committed 12720K, reserved 1048576K
}
Event: 61.271 GC heap before
{Heap before GC invocations=33 (full 5):
 PSYoungGen      total 582656K, used 485086K [0x00000000d5580000, 0x00000000ffb80000, 0x0000000100000000)
  eden space 479232K, 100% used [0x00000000d5580000,0x00000000f2980000,0x00000000f2980000)
  from space 103424K, 5% used [0x00000000f2980000,0x00000000f2f37bd0,0x00000000f8e80000)
  to   space 101888K, 0% used [0x00000000f9800000,0x00000000f9800000,0x00000000ffb80000)
 ParOldGen       total 292352K, used 169963K [0x0000000080000000, 0x0000000091d80000, 0x00000000d5580000)
  object space 292352K, 58% used [0x0000000080000000,0x000000008a5fad08,0x0000000091d80000)
 Metaspace       used 90247K, capacity 94400K, committed 95152K, reserved 1132544K
  class space    used 11752K, capacity 12513K, committed 12720K, reserved 1048576K
Event: 61.327 GC heap after
Heap after GC invocations=33 (full 5):
 PSYoungGen      total 592896K, used 8948K [0x00000000d5580000, 0x00000000ff980000, 0x0000000100000000)
  eden space 493056K, 0% used [0x00000000d5580000,0x00000000d5580000,0x00000000f3700000)
  from space 99840K, 8% used [0x00000000f9800000,0x00000000fa0bd140,0x00000000ff980000)
  to   space 99328K, 0% used [0x00000000f3700000,0x00000000f3700000,0x00000000f9800000)
 ParOldGen       total 292352K, used 175088K [0x0000000080000000, 0x0000000091d80000, 0x00000000d5580000)
  object space 292352K, 59% used [0x0000000080000000,0x000000008aafc098,0x0000000091d80000)
 Metaspace       used 90247K, capacity 94400K, committed 95152K, reserved 1132544K
  class space    used 11752K, capacity 12513K, committed 12720K, reserved 1048576K
}
Event: 62.687 GC heap before
{Heap before GC invocations=34 (full 5):
 PSYoungGen      total 592896K, used 502004K [0x00000000d5580000, 0x00000000ff980000, 0x0000000100000000)
  eden space 493056K, 100% used [0x00000000d5580000,0x00000000f3700000,0x00000000f3700000)
  from space 99840K, 8% used [0x00000000f9800000,0x00000000fa0bd140,0x00000000ff980000)
  to   space 99328K, 0% used [0x00000000f3700000,0x00000000f3700000,0x00000000f9800000)
 ParOldGen       total 292352K, used 175088K [0x0000000080000000, 0x0000000091d80000, 0x00000000d5580000)
  object space 292352K, 59% used [0x0000000080000000,0x000000008aafc098,0x0000000091d80000)
 Metaspace       used 90264K, capacity 94400K, committed 95152K, reserved 1132544K
  class space    used 11752K, capacity 12513K, committed 12720K, reserved 1048576K
Event: 62.785 GC heap after
Heap after GC invocations=34 (full 5):
 PSYoungGen      total 592384K, used 11377K [0x00000000d5580000, 0x00000000ff880000, 0x0000000100000000)
  eden space 493056K, 0% used [0x00000000d5580000,0x00000000d5580000,0x00000000f3700000)
  from space 99328K, 11% used [0x00000000f3700000,0x00000000f421c4b0,0x00000000f9800000)
  to   space 95744K, 0% used [0x00000000f9b00000,0x00000000f9b00000,0x00000000ff880000)
 ParOldGen       total 292352K, used 183700K [0x0000000080000000, 0x0000000091d80000, 0x00000000d5580000)
  object space 292352K, 62% used [0x0000000080000000,0x000000008b3651e0,0x0000000091d80000)
 Metaspace       used 90264K, capacity 94400K, committed 95152K, reserved 1132544K
  class space    used 11752K, capacity 12513K, committed 12720K, reserved 1048576K
}
Event: 64.536 GC heap before
{Heap before GC invocations=35 (full 5):
 PSYoungGen      total 592384K, used 504433K [0x00000000d5580000, 0x00000000ff880000, 0x0000000100000000)
  eden space 493056K, 100% used [0x00000000d5580000,0x00000000f3700000,0x00000000f3700000)
  from space 99328K, 11% used [0x00000000f3700000,0x00000000f421c4b0,0x00000000f9800000)
  to   space 95744K, 0% used [0x00000000f9b00000,0x00000000f9b00000,0x00000000ff880000)
 ParOldGen       total 292352K, used 183700K [0x0000000080000000, 0x0000000091d80000, 0x00000000d5580000)
  object space 292352K, 62% used [0x0000000080000000,0x000000008b3651e0,0x0000000091d80000)
 Metaspace       used 90286K, capacity 94406K, committed 95152K, reserved 1132544K
  class space    used 11753K, capacity 12514K, committed 12720K, reserved 1048576K
Event: 64.756 GC heap after
Heap after GC invocations=35 (full 5):
 PSYoungGen      total 595968K, used 11366K [0x00000000d5580000, 0x00000000ff580000, 0x0000000100000000)
  eden space 503296K, 0% used [0x00000000d5580000,0x00000000d5580000,0x00000000f4100000)
  from space 92672K, 12% used [0x00000000f9b00000,0x00000000fa6199d8,0x00000000ff580000)
  to   space 92160K, 0% used [0x00000000f4100000,0x00000000f4100000,0x00000000f9b00000)
 ParOldGen       total 292352K, used 194216K [0x0000000080000000, 0x0000000091d80000, 0x00000000d5580000)
  object space 292352K, 66% used [0x0000000080000000,0x000000008bdaa140,0x0000000091d80000)
 Metaspace       used 90286K, capacity 94406K, committed 95152K, reserved 1132544K
  class space    used 11753K, capacity 12514K, committed 12720K, reserved 1048576K
}
Event: 67.074 GC heap before
{Heap before GC invocations=36 (full 5):
 PSYoungGen      total 595968K, used 514662K [0x00000000d5580000, 0x00000000ff580000, 0x0000000100000000)
  eden space 503296K, 100% used [0x00000000d5580000,0x00000000f4100000,0x00000000f4100000)
  from space 92672K, 12% used [0x00000000f9b00000,0x00000000fa6199d8,0x00000000ff580000)
  to   space 92160K, 0% used [0x00000000f4100000,0x00000000f4100000,0x00000000f9b00000)
 ParOldGen       total 292352K, used 194216K [0x0000000080000000, 0x0000000091d80000, 0x00000000d5580000)
  object space 292352K, 66% used [0x0000000080000000,0x000000008bdaa140,0x0000000091d80000)
 Metaspace       used 90564K, capacity 94654K, committed 95408K, reserved 1132544K
  class space    used 11794K, capacity 12550K, committed 12720K, reserved 1048576K
Event: 67.282 GC heap after
Heap after GC invocations=36 (full 5):
 PSYoungGen      total 595456K, used 7065K [0x00000000d5580000, 0x00000000ff980000, 0x0000000100000000)
  eden space 503296K, 0% used [0x00000000d5580000,0x00000000d5580000,0x00000000f4100000)
  from space 92160K, 7% used [0x00000000f4100000,0x00000000f47e6488,0x00000000f9b00000)
  to   space 89088K, 0% used [0x00000000fa280000,0x00000000fa280000,0x00000000ff980000)
 ParOldGen       total 292352K, used 201906K [0x0000000080000000, 0x0000000091d80000, 0x00000000d5580000)
  object space 292352K, 69% used [0x0000000080000000,0x000000008c52cbb8,0x0000000091d80000)
 Metaspace       used 90564K, capacity 94654K, committed 95408K, reserved 1132544K
  class space    used 11794K, capacity 12550K, committed 12720K, reserved 1048576K
}

